<?xml version="1.0" encoding="UTF-8"?>
<!-- Generated by org.testng.reporters.JUnitReportReporter -->
<testsuite skipped="0" hostname="TYSS" name="WhiteHatJr.MathM.LoginPageTest" tests="1" failures="0" timestamp="2021-08-11T22:43:38 IST" time="9.354" errors="0">
  <testcase name="lognToParent" time="9.354" classname="WhiteHatJr.MathM.LoginPageTest"/>
  <system-out/>
</testsuite> <!-- WhiteHatJr.MathM.LoginPageTest -->
