<?xml version="1.0" encoding="UTF-8"?>
<!-- Generated by org.testng.reporters.JUnitReportReporter -->
<testsuite skipped="0" hostname="TYSS" name="WhiteHatJr.MathM.LoginOps" tests="1" failures="0" timestamp="2021-08-06T23:04:02 IST" time="7.689" errors="0">
  <testcase name="lognTo" time="7.689" classname="WhiteHatJr.MathM.LoginOps"/>
  <system-out/>
</testsuite> <!-- WhiteHatJr.MathM.LoginOps -->
