<?xml version="1.0" encoding="UTF-8"?>
<!-- Generated by org.testng.reporters.JUnitReportReporter -->
<testsuite skipped="0" hostname="TYSS" name="WhiteHatJr.MathM.LoginPageTeacherTest" tests="1" failures="0" timestamp="2021-08-11T22:43:38 IST" time="1.534" errors="0">
  <testcase name="lognToParent" time="1.534" classname="WhiteHatJr.MathM.LoginPageTeacherTest"/>
  <system-out/>
</testsuite> <!-- WhiteHatJr.MathM.LoginPageTeacherTest -->
