<?xml version="1.0" encoding="UTF-8"?>
<!-- Generated by org.testng.reporters.JUnitReportReporter -->
<testsuite hostname="TYSS" failures="0" tests="1" name="WhiteHatJr.MathM.LoginPageTest" time="5.845" errors="0" timestamp="2021-08-11T22:25:00 IST" skipped="0">
  <testcase classname="WhiteHatJr.MathM.LoginPageTest" name="lognToParent" time="5.845"/>
  <system-out/>
</testsuite> <!-- WhiteHatJr.MathM.LoginPageTest -->
