<?xml version="1.0" encoding="UTF-8"?>
<!-- Generated by org.testng.reporters.JUnitReportReporter -->
<testsuite hostname="TYSS" failures="0" tests="1" name="WhiteHatJr.MathM.LoginPageTeacherTest" time="0.746" errors="0" timestamp="2021-08-11T22:25:00 IST" skipped="0">
  <testcase classname="WhiteHatJr.MathM.LoginPageTeacherTest" name="lognToParent" time="0.746"/>
  <system-out/>
</testsuite> <!-- WhiteHatJr.MathM.LoginPageTeacherTest -->
